<?xml version="1.0" encoding="UTF-8"?>
<testng-results skipped="0" failed="0" ignored="0" total="1" passed="1">
  <reporter-output>
  </reporter-output>
  <suite name="Default suite" duration-ms="11394" started-at="2017-06-23T05:22:09Z" finished-at="2017-06-23T05:22:21Z">
    <groups>
    </groups>
    <test name="Default test" duration-ms="11394" started-at="2017-06-23T05:22:09Z" finished-at="2017-06-23T05:22:21Z">
      <class name="YourLogo.login">
        <test-method status="PASS" signature="beforeTesting()[pri:0, instance:YourLogo.login@2ea41516]" name="beforeTesting" is-config="true" duration-ms="190" started-at="2017-06-22T23:22:09Z" finished-at="2017-06-22T23:22:09Z">
          <reporter-output>
          </reporter-output>
        </test-method> <!-- beforeTesting -->
        <test-method status="PASS" signature="seleniumTesting()[pri:0, instance:YourLogo.login@2ea41516]" name="seleniumTesting" duration-ms="11003" started-at="2017-06-22T23:22:10Z" finished-at="2017-06-22T23:22:21Z">
          <reporter-output>
          </reporter-output>
        </test-method> <!-- seleniumTesting -->
        <test-method status="PASS" signature="afterTesting()[pri:0, instance:YourLogo.login@2ea41516]" name="afterTesting" is-config="true" duration-ms="178" started-at="2017-06-22T23:22:21Z" finished-at="2017-06-22T23:22:21Z">
          <reporter-output>
          </reporter-output>
        </test-method> <!-- afterTesting -->
      </class> <!-- YourLogo.login -->
    </test> <!-- Default test -->
  </suite> <!-- Default suite -->
</testng-results>
