<?xml version="1.0" encoding="UTF-8"?>
<testng-results skipped="0" failed="0" ignored="0" total="1" passed="1">
  <reporter-output>
  </reporter-output>
  <suite name="Default suite" duration-ms="27037" started-at="2017-07-31T04:44:42Z" finished-at="2017-07-31T04:45:09Z">
    <groups>
    </groups>
    <test name="Default test" duration-ms="27037" started-at="2017-07-31T04:44:42Z" finished-at="2017-07-31T04:45:09Z">
      <class name="addToCart.Shop">
        <test-method status="PASS" signature="beforeTesting()[pri:0, instance:addToCart.Shop@209da20d]" name="beforeTesting" is-config="true" duration-ms="2535" started-at="2017-07-30T22:44:42Z" finished-at="2017-07-30T22:44:44Z">
          <reporter-output>
          </reporter-output>
        </test-method> <!-- beforeTesting -->
        <test-method status="PASS" signature="seleniumTsting()[pri:0, instance:addToCart.Shop@209da20d]" name="seleniumTsting" duration-ms="24473" started-at="2017-07-30T22:44:44Z" finished-at="2017-07-30T22:45:09Z">
          <reporter-output>
          </reporter-output>
        </test-method> <!-- seleniumTsting -->
        <test-method status="PASS" signature="afterTesting()[pri:0, instance:addToCart.Shop@209da20d]" name="afterTesting" is-config="true" duration-ms="0" started-at="2017-07-30T22:45:09Z" finished-at="2017-07-30T22:45:09Z">
          <reporter-output>
          </reporter-output>
        </test-method> <!-- afterTesting -->
      </class> <!-- addToCart.Shop -->
    </test> <!-- Default test -->
  </suite> <!-- Default suite -->
</testng-results>
